{"uuid":"70a9c244-681e-4ffb-872f-8df335047fa4","historyId":"df8d791e6e010d7fb1e193744fa1d3cd","fullName":"com.shaffan.tests.LoginTest.testLoginWithInvalidCreds","labels":[{"name":"package","value":"com.shaffan.tests.LoginTest"},{"name":"testClass","value":"com.shaffan.tests.LoginTest"},{"name":"testMethod","value":"testLoginWithInvalidCreds"},{"name":"parentSuite","value":"General"},{"name":"suite","value":"Login Functionality Tests"},{"name":"subSuite","value":"com.shaffan.tests.LoginTest"},{"name":"host","value":"DESKTOP-QAA0QBB"},{"name":"thread","value":"25564@DESKTOP-QAA0QBB.TestNG-PoolService-4(29)"},{"name":"framework","value":"testng"},{"name":"language","value":"java"},{"name":"story","value":"User should not be able to login with invalid credentials"},{"name":"epic","value":"User Management"},{"name":"feature","value":"Login Functionality"},{"name":"severity","value":"blocker"}],"links":[],"name":"Verify OrangeHRM Login with Invalid credentials - 1","status":"skipped","statusDetails":{"known":false,"muted":false,"flaky":false,"message":"Expected condition failed: waiting for visibility of Proxy element for: DefaultElementLocator 'By.xpath: //p[contains(., 'Invalid')]' (tried for 10 second(s) with 500 milliseconds interval)","trace":"org.openqa.selenium.TimeoutException: Expected condition failed: waiting for visibility of Proxy element for: DefaultElementLocator 'By.xpath: //p[contains(., 'Invalid')]' (tried for 10 second(s) with 500 milliseconds interval)\r\n\tat org.openqa.selenium.support.ui.WebDriverWait.timeoutException(WebDriverWait.java:84)\r\n\tat org.openqa.selenium.support.ui.FluentWait.until(FluentWait.java:228)\r\n\tat com.shaffan.utils.WaitUtil.waitForVisibility(WaitUtil.java:28)\r\n\tat com.shaffan.base.BasePage.isDisplayed(BasePage.java:46)\r\n\tat com.shaffan.pages.LoginPage.isErrorBoxDisplayed(LoginPage.java:51)\r\n\tat com.shaffan.tests.LoginTest.testLoginWithInvalidCreds(LoginTest.java:36)\r\n\tat java.base/jdk.internal.reflect.NativeMethodAccessorImpl.invoke0(Native Method)\r\n\tat java.base/jdk.internal.reflect.NativeMethodAccessorImpl.invoke(NativeMethodAccessorImpl.java:62)\r\n\tat java.base/jdk.internal.reflect.DelegatingMethodAccessorImpl.invoke(DelegatingMethodAccessorImpl.java:43)\r\n\tat java.base/java.lang.reflect.Method.invoke(Method.java:566)\r\n\tat org.testng.internal.invokers.MethodInvocationHelper.invokeMethod(MethodInvocationHelper.java:141)\r\n\tat org.testng.internal.invokers.TestInvoker.invokeMethod(TestInvoker.java:687)\r\n\tat org.testng.internal.invokers.TestInvoker.retryFailed(TestInvoker.java:269)\r\n\tat org.testng.internal.invokers.TestMethodWithDataProviderMethodWorker.call(TestMethodWithDataProviderMethodWorker.java:105)\r\n\tat org.testng.internal.thread.Async$AsyncTask.run(Async.java:34)\r\n\tat java.base/java.util.concurrent.ThreadPoolExecutor.runWorker(ThreadPoolExecutor.java:1128)\r\n\tat java.base/java.util.concurrent.ThreadPoolExecutor$Worker.run(ThreadPoolExecutor.java:628)\r\n\tat java.base/java.lang.Thread.run(Thread.java:834)\r\nCaused by: org.openqa.selenium.NoSuchElementException: no such element: Unable to locate element: {\"method\":\"xpath\",\"selector\":\"//p[contains(., 'Invalid')]\"}\n  (Session info: chrome=143.0.7499.170)\nFor documentation on this error, please visit: https://www.selenium.dev/documentation/webdriver/troubleshooting/errors#no-such-element-exception\nBuild info: version: '4.34.0', revision: '707dcb4246*'\nSystem info: os.name: 'Windows 10', os.arch: 'amd64', os.version: '10.0', java.version: '11.0.24'\nDriver info: org.openqa.selenium.chrome.ChromeDriver\nCommand: [af723e61f772ca4c734b4cdb98ac83fe, findElement {value=//p[contains(., 'Invalid')], using=xpath}]\nCapabilities {acceptInsecureCerts: false, browserName: chrome, browserVersion: 143.0.7499.170, chrome: {chromedriverVersion: 143.0.7499.169 (164b20aab62..., userDataDir: C:\\Users\\shaff\\AppData\\Loca...}, fedcm:accounts: true, goog:chromeOptions: {debuggerAddress: localhost:64242}, goog:processID: 9800, networkConnectionEnabled: false, pageLoadStrategy: normal, platformName: windows, proxy: Proxy(), se:cdp: ws://localhost:64242/devtoo..., se:cdpVersion: 143.0.7499.170, setWindowRect: true, strictFileInteractability: false, timeouts: {implicit: 0, pageLoad: 300000, script: 30000}, unhandledPromptBehavior: dismiss and notify, webauthn:extension:credBlob: true, webauthn:extension:largeBlob: true, webauthn:extension:minPinLength: true, webauthn:extension:prf: true, webauthn:virtualAuthenticators: true}\nSession ID: af723e61f772ca4c734b4cdb98ac83fe\r\n\tat java.base/jdk.internal.reflect.NativeConstructorAccessorImpl.newInstance0(Native Method)\r\n\tat java.base/jdk.internal.reflect.NativeConstructorAccessorImpl.newInstance(NativeConstructorAccessorImpl.java:62)\r\n\tat java.base/jdk.internal.reflect.DelegatingConstructorAccessorImpl.newInstance(DelegatingConstructorAccessorImpl.java:45)\r\n\tat java.base/java.lang.reflect.Constructor.newInstance(Constructor.java:490)\r\n\tat org.openqa.selenium.remote.ErrorCodec.decode(ErrorCodec.java:167)\r\n\tat org.openqa.selenium.remote.codec.w3c.W3CHttpResponseCodec.decode(W3CHttpResponseCodec.java:138)\r\n\tat org.openqa.selenium.remote.codec.w3c.W3CHttpResponseCodec.decode(W3CHttpResponseCodec.java:50)\r\n\tat org.openqa.selenium.remote.HttpCommandExecutor.execute(HttpCommandExecutor.java:215)\r\n\tat org.openqa.selenium.remote.service.DriverCommandExecutor.invokeExecute(DriverCommandExecutor.java:216)\r\n\tat org.openqa.selenium.remote.service.DriverCommandExecutor.execute(DriverCommandExecutor.java:174)\r\n\tat org.openqa.selenium.remote.RemoteWebDriver.execute(RemoteWebDriver.java:544)\r\n\tat org.openqa.selenium.remote.ElementLocation$ElementFinder$2.findElement(ElementLocation.java:165)\r\n\tat org.openqa.selenium.remote.ElementLocation.findElement(ElementLocation.java:59)\r\n\tat org.openqa.selenium.remote.RemoteWebDriver.findElement(RemoteWebDriver.java:367)\r\n\tat org.openqa.selenium.remote.RemoteWebDriver.findElement(RemoteWebDriver.java:361)\r\n\tat org.openqa.selenium.support.pagefactory.DefaultElementLocator.findElement(DefaultElementLocator.java:68)\r\n\tat org.openqa.selenium.support.pagefactory.internal.LocatingElementHandler.invoke(LocatingElementHandler.java:38)\r\n\tat com.sun.proxy.$Proxy35.isDisplayed(Unknown Source)\r\n\tat org.openqa.selenium.support.ui.ExpectedConditions.elementIfVisible(ExpectedConditions.java:304)\r\n\tat org.openqa.selenium.support.ui.ExpectedConditions$10.apply(ExpectedConditions.java:290)\r\n\tat org.openqa.selenium.support.ui.ExpectedConditions$10.apply(ExpectedConditions.java:287)\r\n\tat org.openqa.selenium.support.ui.FluentWait.until(FluentWait.java:203)\r\n\t... 16 more\r\n"},"stage":"finished","steps":[{"name":"Logging into OrangeHRM with username ExcelUser4 and password Pass4","status":"passed","stage":"finished","steps":[{"name":"Entering username: ExcelUser4","status":"passed","stage":"finished","steps":[],"attachments":[],"parameters":[{"name":"username","value":"ExcelUser4"}],"start":1767648098382,"stop":1767648098986},{"name":"Entering password: Pass4","status":"passed","stage":"finished","steps":[],"attachments":[],"parameters":[{"name":"password","value":"Pass4"}],"start":1767648098986,"stop":1767648099053},{"name":"Clicking on Login button","status":"passed","stage":"finished","steps":[],"attachments":[],"parameters":[],"start":1767648099053,"stop":1767648099105}],"attachments":[],"parameters":[{"name":"username","value":"ExcelUser4"},{"name":"password","value":"Pass4"}],"start":1767648098382,"stop":1767648099105}],"attachments":[],"parameters":[{"name":"arg1","value":"Pass4"},{"name":"arg0","value":"ExcelUser4"}],"start":1767648098381,"stop":1767648119218}